<?xml version="1.0" encoding="UTF-8"?>
<!-- Generated by org.testng.reporters.JUnitXMLReporter -->
<testsuite ignored="0" hostname="Lenovo" failures="2" tests="5" name="Test" time="0.244" errors="0" timestamp="2024-01-20T20:29:21 IST">
  <testcase classname="ExtentReportUsingListener.TestCaseExample" name="testMethod1" time="0.01"/>
  <testcase classname="ExtentReportUsingListener.TestCaseExample" name="testMethod2" time="0.006">
    <failure type="java.lang.AssertionError" message="expected [true] but found [false]">
      <![CDATA[java.lang.AssertionError: expected [true] but found [false]
at ExtentReportUsingListener.TestCaseExample.testMethod2(TestCaseExample.java:18)
at java.base/java.util.ArrayList.forEach(ArrayList.java:1596)
... Removed 29 stack frames]]>
    </failure>
  </testcase> <!-- testMethod2 -->
  <testcase classname="ExtentReportUsingListener.TestCaseExample" name="testMethod3" time="0.001">
    <failure type="java.lang.AssertionError" message="expected [true] but found [false]">
      <![CDATA[java.lang.AssertionError: expected [true] but found [false]
at ExtentReportUsingListener.TestCaseExample.testMethod3(TestCaseExample.java:24)
at java.base/java.util.ArrayList.forEach(ArrayList.java:1596)
... Removed 29 stack frames]]>
    </failure>
  </testcase> <!-- testMethod3 -->
  <testcase classname="ExtentReportUsingListener.TestCaseExample" name="testMethod4" time="0.001"/>
  <testcase classname="ExtentReportUsingListener.TestCaseExample" name="testMethod5" time="0.001">
    <skipped/>
  </testcase> <!-- testMethod5 -->
</testsuite> <!-- Test -->
